2026-02-01 00:49:13,995 - [PHONE] - INFO - Connected to device: ZN4225Z3KD
2026-02-01 00:49:13,996 - [PHONE] - INFO - Starting Call State Monitor...
2026-02-01 00:49:15,397 - [PHONE] - INFO - Voice Command Listener Active (Background)
2026-02-01 00:49:15,504 - [PHONE] - INFO - Imported existing <module 'comtypes.gen' from 'C:\\Users\\Rushabh Makim\\AppData\\Local\\Programs\\Python\\Python312\\Lib\\site-packages\\comtypes\\gen\\__init__.py'>
2026-02-01 00:49:15,505 - [PHONE] - INFO - Using writeable comtypes cache directory: 'C:\Users\Rushabh Makim\AppData\Local\Programs\Python\Python312\Lib\site-packages\comtypes\gen'
2026-02-01 00:49:15,539 - [PHONE] - INFO - Could not import comtypes.gen._C866CA3A_32F7_11D2_9602_00C04F8EE628_0_5_4: No module named 'comtypes.gen._C866CA3A_32F7_11D2_9602_00C04F8EE628_0_5_4'
2026-02-01 00:49:15,546 - [PHONE] - INFO - # Generating comtypes.gen._C866CA3A_32F7_11D2_9602_00C04F8EE628_0_5_4
2026-02-01 00:49:15,666 - [PHONE] - INFO - # Generating comtypes.gen.SpeechLib
2026-02-01 00:54:37,342 - [PHONE] - INFO - Connected to device: ZN4225Z3KD
2026-02-01 00:54:37,342 - [PHONE] - INFO - Starting Call State Monitor...
2026-02-01 00:54:38,946 - [PHONE] - INFO - Voice Command Listener Active (Background)
2026-02-01 00:54:39,027 - [PHONE] - INFO - Imported existing <module 'comtypes.gen' from 'C:\\Users\\Rushabh Makim\\AppData\\Local\\Programs\\Python\\Python312\\Lib\\site-packages\\comtypes\\gen\\__init__.py'>
2026-02-01 00:54:39,028 - [PHONE] - INFO - Using writeable comtypes cache directory: 'C:\Users\Rushabh Makim\AppData\Local\Programs\Python\Python312\Lib\site-packages\comtypes\gen'
2026-02-01 00:54:47,789 - [PHONE] - INFO - Incoming Call Detected! Caller: +917990539108
2026-02-01 00:54:48,421 - [PHONE] - INFO - Listening for command (Answer/Reject)...
2026-02-01 00:54:51,557 - [PHONE] - INFO - Listening for command (Answer/Reject)...
2026-02-01 00:54:53,419 - [PHONE] - INFO - Engaging Secretary Mode...
2026-02-01 00:54:53,419 - [PHONE] - INFO - Answering call...
2026-02-01 00:54:54,507 - [PHONE] - INFO - Speaking: Hello, I am REX. The user is currently unavailable. Please say your message after the beep.
2026-02-01 00:56:18,570 - [PHONE] - INFO - Connected to device: ZN4225Z3KD
2026-02-01 00:56:18,570 - [PHONE] - INFO - Starting Call State Monitor...
2026-02-01 00:56:20,072 - [PHONE] - INFO - Voice Command Listener Active (Background)
2026-02-01 00:56:24,204 - [PHONE] - INFO - Incoming Call Detected! Caller: +917990539108
2026-02-01 00:56:24,262 - [PHONE] - INFO - Imported existing <module 'comtypes.gen' from 'C:\\Users\\Rushabh Makim\\AppData\\Local\\Programs\\Python\\Python312\\Lib\\site-packages\\comtypes\\gen\\__init__.py'>
2026-02-01 00:56:24,262 - [PHONE] - INFO - Using writeable comtypes cache directory: 'C:\Users\Rushabh Makim\AppData\Local\Programs\Python\Python312\Lib\site-packages\comtypes\gen'
2026-02-01 00:56:24,921 - [PHONE] - INFO - Listening for command (Answer/Reject)...
2026-02-01 00:56:28,019 - [PHONE] - INFO - Listening for command (Answer/Reject)...
2026-02-01 00:56:30,190 - [PHONE] - INFO - Engaging Secretary Mode...
2026-02-01 00:56:30,190 - [PHONE] - INFO - Answering call...
2026-02-01 00:56:31,249 - [PHONE] - INFO - Speaking: Hello, I am REX. The user is currently unavailable. Please say your message after the beep.
2026-02-01 00:56:37,838 - [PHONE] - INFO - Listening for message...
2026-02-01 00:56:43,020 - [PHONE] - INFO - Callback Message: hello
2026-02-01 00:58:07,510 - [PHONE] - INFO - Connected to device: ZN4225Z3KD
2026-02-01 00:58:07,510 - [PHONE] - INFO - Starting Call State Monitor...
2026-02-01 00:58:08,828 - [PHONE] - INFO - Voice Command Listener Active (Background)
2026-02-01 00:58:08,828 - [PHONE] - INFO - Found Device (Output): [7] CABLE Input (VB-Audio Virtual C
2026-02-01 00:58:08,828 - [PHONE] - INFO - Found Device (Input): [2] Headset (2- Airdopes Flex 454 A
2026-02-01 00:58:08,833 - [PHONE] - INFO - Audio Config: CABLE_OUT_IDX=7, HEADSET_IN_IDX=2
2026-02-01 00:58:13,065 - [PHONE] - INFO - Incoming Call Detected! Caller: +917990539108
2026-02-01 00:58:13,177 - [PHONE] - INFO - Imported existing <module 'comtypes.gen' from 'C:\\Users\\Rushabh Makim\\AppData\\Local\\Programs\\Python\\Python312\\Lib\\site-packages\\comtypes\\gen\\__init__.py'>
2026-02-01 00:58:13,177 - [PHONE] - INFO - Using writeable comtypes cache directory: 'C:\Users\Rushabh Makim\AppData\Local\Programs\Python\Python312\Lib\site-packages\comtypes\gen'
2026-02-01 00:58:13,397 - [PHONE] - INFO - Listening for command (Answer/Reject)...
2026-02-01 00:58:16,551 - [PHONE] - INFO - Listening for command (Answer/Reject)...
2026-02-01 00:58:18,062 - [PHONE] - INFO - Engaging Secretary Mode...
2026-02-01 00:58:18,064 - [PHONE] - INFO - Answering call...
2026-02-01 00:58:19,117 - [PHONE] - INFO - Speaking: Hello, I am REX. The user is currently unavailable. Please say your message after the beep.
2026-02-01 00:58:25,634 - [PHONE] - INFO - Listening for message...
2026-02-01 00:58:37,604 - [PHONE] - INFO - Callback Message: Teri Masoom Piko hello
2026-02-01 01:05:33,760 - [PHONE] - INFO - Connected to device: ZN4225Z3KD
2026-02-01 01:05:33,762 - [PHONE] - INFO - Starting Call State Monitor...
2026-02-01 01:05:35,073 - [PHONE] - INFO - Voice Command Listener Active (Background)
2026-02-01 01:05:35,076 - [PHONE] - INFO - Found Device (Output): [7] CABLE Input (VB-Audio Virtual C
2026-02-01 01:05:35,078 - [PHONE] - INFO - Found Device (Input): [2] Headset (2- Airdopes Flex 454 A
2026-02-01 01:05:35,079 - [PHONE] - INFO - Audio Config: CABLE_OUT_IDX=7, HEADSET_IN_IDX=2
2026-02-01 01:05:35,079 - [PHONE] - INFO - TEST: Playing test tone to CABLE Output (Index 7)...
2026-02-01 01:05:35,079 - [PHONE] - INFO - CHECK: Open Windows Sound Settings > Recording. Does 'CABLE Output' bar move?
2026-02-01 01:05:37,190 - [PHONE] - INFO - TEST: Tone complete.
2026-02-01 01:05:41,678 - [PHONE] - INFO - Incoming Call Detected! Caller: +917990539108
2026-02-01 01:05:41,806 - [PHONE] - INFO - Imported existing <module 'comtypes.gen' from 'C:\\Users\\Rushabh Makim\\AppData\\Local\\Programs\\Python\\Python312\\Lib\\site-packages\\comtypes\\gen\\__init__.py'>
2026-02-01 01:05:41,806 - [PHONE] - INFO - Using writeable comtypes cache directory: 'C:\Users\Rushabh Makim\AppData\Local\Programs\Python\Python312\Lib\site-packages\comtypes\gen'
2026-02-01 01:05:42,213 - [PHONE] - INFO - Listening for command (Answer/Reject)...
2026-02-01 01:05:44,350 - [PHONE] - INFO - Engaging Secretary Mode...
2026-02-01 01:05:44,351 - [PHONE] - INFO - Answering call...
2026-02-01 01:05:45,398 - [PHONE] - INFO - Speaking: Hello, I am REX. The user is currently unavailable. Please say your message after the beep.
2026-02-01 01:05:53,769 - [PHONE] - INFO - Listening for message...
2026-02-01 01:08:23,381 - [PHONE] - INFO - Connected to device: ZN4225Z3KD
2026-02-01 01:08:23,381 - [PHONE] - INFO - Starting Call State Monitor...
2026-02-01 01:08:24,709 - [PHONE] - INFO - Voice Command Listener Active (Background)
2026-02-01 01:08:24,710 - [PHONE] - INFO - Found Device (Output): [7] CABLE Input (VB-Audio Virtual C
2026-02-01 01:08:24,712 - [PHONE] - INFO - Found Device (Input): [2] Headset (2- Airdopes Flex 454 A
2026-02-01 01:08:24,712 - [PHONE] - INFO - Audio Config: CABLE_OUT_IDX=7, HEADSET_IN_IDX=2
2026-02-01 01:08:24,712 - [PHONE] - INFO - TEST: Playing test tone to CABLE Output (Index 7)...
2026-02-01 01:08:24,713 - [PHONE] - INFO - CHECK: Open Windows Sound Settings > Recording. Does 'CABLE Output' bar move?
2026-02-01 01:08:26,832 - [PHONE] - INFO - TEST: Tone complete.
2026-02-01 01:08:37,769 - [PHONE] - INFO - Incoming Call Detected! Caller: +917990539108
2026-02-01 01:08:37,822 - [PHONE] - INFO - Imported existing <module 'comtypes.gen' from 'C:\\Users\\Rushabh Makim\\AppData\\Local\\Programs\\Python\\Python312\\Lib\\site-packages\\comtypes\\gen\\__init__.py'>
2026-02-01 01:08:37,822 - [PHONE] - INFO - Using writeable comtypes cache directory: 'C:\Users\Rushabh Makim\AppData\Local\Programs\Python\Python312\Lib\site-packages\comtypes\gen'
2026-02-01 01:08:38,310 - [PHONE] - INFO - Listening for command (Answer/Reject)...
2026-02-01 01:08:39,602 - [PHONE] - INFO - Engaging Secretary Mode...
2026-02-01 01:08:39,602 - [PHONE] - INFO - Answering call...
2026-02-01 01:08:40,699 - [PHONE] - INFO - Speaking: Hello, I am REX. The user is currently unavailable. Please say your message after the beep.
2026-02-01 01:08:49,567 - [PHONE] - INFO - Listening for message...
2026-02-01 01:08:53,834 - [PHONE] - ERROR - Transcription failed: 
2026-02-01 01:15:11,050 - [PHONE] - INFO - Connected to device: ZN4225Z3KD
2026-02-01 01:15:11,054 - [PHONE] - INFO - Starting Call State Monitor...
2026-02-01 01:15:12,334 - [PHONE] - INFO - Voice Command Listener Active (Background)
2026-02-01 01:15:12,336 - [PHONE] - INFO - Found Device (Output): [4] CABLE Input (VB-Audio Virtual C
2026-02-01 01:15:12,336 - [PHONE] - INFO - Found Device (Input): [33] Headset (@System32\drivers\bthhfenum.sys,#2;%1 Hands-Free%0
;(Airdopes Flex 454 ANC))
2026-02-01 01:15:12,336 - [PHONE] - INFO - Audio Config: CABLE_OUT_IDX=4, HEADSET_IN_IDX=33
2026-02-01 01:15:12,336 - [PHONE] - INFO - TEST: Playing test tone to CABLE Output (Index 4)...
2026-02-01 01:15:12,336 - [PHONE] - INFO - CHECK: Open Windows Sound Settings > Recording. Does 'CABLE Output' bar move?
2026-02-01 01:15:14,465 - [PHONE] - INFO - TEST: Tone complete.
2026-02-01 01:15:21,065 - [PHONE] - INFO - Incoming Call Detected! Caller: +917990539108
2026-02-01 01:15:21,117 - [PHONE] - INFO - Imported existing <module 'comtypes.gen' from 'C:\\Users\\Rushabh Makim\\AppData\\Local\\Programs\\Python\\Python312\\Lib\\site-packages\\comtypes\\gen\\__init__.py'>
2026-02-01 01:15:21,118 - [PHONE] - INFO - Using writeable comtypes cache directory: 'C:\Users\Rushabh Makim\AppData\Local\Programs\Python\Python312\Lib\site-packages\comtypes\gen'
2026-02-01 01:15:21,399 - [PHONE] - INFO - Listening for command (Answer/Reject)...
2026-02-01 01:15:24,034 - [PHONE] - INFO - Engaging Secretary Mode...
2026-02-01 01:15:24,036 - [PHONE] - INFO - Answering call...
2026-02-01 01:15:25,093 - [PHONE] - INFO - Speaking: Hello, I am REX. The user is currently unavailable. Please say your message after the beep.
2026-02-01 01:15:32,856 - [PHONE] - INFO - Listening for message...
2026-02-01 01:15:39,336 - [PHONE] - ERROR - Transcription failed: 
2026-02-01 01:25:28,428 - [PHONE] - INFO - Connected to device: ZN4225Z3KD
2026-02-01 01:25:28,428 - [PHONE] - INFO - Starting Call State Monitor...
2026-02-01 01:25:29,713 - [PHONE] - INFO - Voice Command Listener Active (Background)
2026-02-01 01:25:29,713 - [PHONE] - INFO - Found Device (Output): [5] CABLE Input (VB-Audio Virtual C
2026-02-01 01:25:29,715 - [PHONE] - INFO - Found Device (Input): [33] Headset (@System32\drivers\bthhfenum.sys,#2;%1 Hands-Free%0
;(Airdopes Flex 454 ANC))
2026-02-01 01:25:29,715 - [PHONE] - INFO - Audio Config: CABLE_OUT_IDX=5, HEADSET_IN_IDX=33
2026-02-01 01:25:29,715 - [PHONE] - INFO - TEST: Playing test tone to CABLE Output (Index 5)...
2026-02-01 01:25:29,715 - [PHONE] - INFO - CHECK: Open Windows Sound Settings > Recording. Does 'CABLE Output' bar move?
2026-02-01 01:25:31,847 - [PHONE] - INFO - TEST: Tone complete.
2026-02-01 01:25:38,612 - [PHONE] - INFO - Incoming Call Detected! Caller: +917990539108
2026-02-01 01:25:38,720 - [PHONE] - INFO - Imported existing <module 'comtypes.gen' from 'C:\\Users\\Rushabh Makim\\AppData\\Local\\Programs\\Python\\Python312\\Lib\\site-packages\\comtypes\\gen\\__init__.py'>
2026-02-01 01:25:38,720 - [PHONE] - INFO - Using writeable comtypes cache directory: 'C:\Users\Rushabh Makim\AppData\Local\Programs\Python\Python312\Lib\site-packages\comtypes\gen'
2026-02-01 01:25:38,854 - [PHONE] - INFO - Listening for command (Answer/Reject)...
2026-02-01 01:25:40,401 - [PHONE] - INFO - Engaging Secretary Mode...
2026-02-01 01:25:40,401 - [PHONE] - INFO - Answering call...
2026-02-01 01:25:41,460 - [PHONE] - INFO - Speaking: Hello, I am REX. The user is currently unavailable. Please say your message after the beep.
2026-02-01 01:25:50,506 - [PHONE] - INFO - Listening for message...
2026-02-01 01:25:57,041 - [PHONE] - ERROR - Transcription failed: 
2026-02-01 01:30:03,396 - [PHONE] - INFO - Connected to device: ZN4225Z3KD
2026-02-01 01:30:03,396 - [PHONE] - INFO - Starting Call State Monitor...
2026-02-01 01:30:04,697 - [PHONE] - INFO - Voice Command Listener Active (Background)
2026-02-01 01:30:04,697 - [PHONE] - INFO - Found Device (Output): [5] CABLE Input (VB-Audio Virtual C
2026-02-01 01:30:04,697 - [PHONE] - INFO - Found Device (Input): [33] Headset (@System32\drivers\bthhfenum.sys,#2;%1 Hands-Free%0
;(Airdopes Flex 454 ANC))
2026-02-01 01:30:04,701 - [PHONE] - INFO - Audio Config: CABLE_OUT_IDX=5, HEADSET_IN_IDX=33
2026-02-01 01:30:04,701 - [PHONE] - INFO - TEST: Playing test tone to CABLE Output (Index 5)...
2026-02-01 01:30:04,701 - [PHONE] - INFO - CHECK: Open Windows Sound Settings > Recording. Does 'CABLE Output' bar move?
2026-02-01 01:30:06,849 - [PHONE] - INFO - TEST: Tone complete.
2026-02-01 01:30:11,298 - [PHONE] - INFO - Incoming Call Detected! Caller: +917990539108
2026-02-01 01:30:11,396 - [PHONE] - INFO - Imported existing <module 'comtypes.gen' from 'C:\\Users\\Rushabh Makim\\AppData\\Local\\Programs\\Python\\Python312\\Lib\\site-packages\\comtypes\\gen\\__init__.py'>
2026-02-01 01:30:11,396 - [PHONE] - INFO - Using writeable comtypes cache directory: 'C:\Users\Rushabh Makim\AppData\Local\Programs\Python\Python312\Lib\site-packages\comtypes\gen'
2026-02-01 01:30:11,791 - [PHONE] - INFO - Listening for command (Answer/Reject)...
2026-02-01 01:30:14,697 - [PHONE] - INFO - Listening for command (Answer/Reject)...
2026-02-01 01:30:17,390 - [PHONE] - INFO - Listening for command (Answer/Reject)...
2026-02-01 01:30:18,930 - [PHONE] - INFO - Engaging Secretary Mode...
2026-02-01 01:30:18,930 - [PHONE] - INFO - Answering call...
2026-02-01 01:30:19,020 - [PHONE] - INFO - Incoming Call Detected! Caller: +917990539108
2026-02-01 01:30:20,007 - [PHONE] - INFO - Speaking: Hello, I am REX. The user is currently unavailable. Please say your message after the beep.
2026-02-01 01:30:20,088 - [PHONE] - INFO - Call Ended or Picked up.
2026-02-01 01:30:30,740 - [PHONE] - INFO - Listening for message...
2026-02-01 01:30:35,404 - [PHONE] - ERROR - Transcription failed: 
2026-02-01 01:35:35,647 - [PHONE] - INFO - Connected to device: ZN4225Z3KD
2026-02-01 01:35:35,647 - [PHONE] - INFO - Starting Call State Monitor...
2026-02-01 01:35:36,978 - [PHONE] - INFO - Voice Command Listener Active (Background)
2026-02-01 01:35:36,978 - [PHONE] - INFO - Found Device (Output): [5] CABLE Input (VB-Audio Virtual C
2026-02-01 01:35:36,978 - [PHONE] - INFO - Found Device (Input): [33] Headset (@System32\drivers\bthhfenum.sys,#2;%1 Hands-Free%0
;(Airdopes Flex 454 ANC))
2026-02-01 01:35:36,984 - [PHONE] - INFO - Audio Config: CABLE_OUT_IDX=5, HEADSET_IN_IDX=33
2026-02-01 01:35:36,984 - [PHONE] - INFO - TEST: Playing test tone to CABLE Output (Index 5)...
2026-02-01 01:35:36,984 - [PHONE] - INFO - CHECK: Open Windows Sound Settings > Recording. Does 'CABLE Output' bar move?
2026-02-01 01:35:39,113 - [PHONE] - INFO - TEST: Tone complete.
2026-02-01 01:35:44,628 - [PHONE] - INFO - Incoming Call Detected! Caller: +917990539108
2026-02-01 01:35:44,731 - [PHONE] - INFO - Imported existing <module 'comtypes.gen' from 'C:\\Users\\Rushabh Makim\\AppData\\Local\\Programs\\Python\\Python312\\Lib\\site-packages\\comtypes\\gen\\__init__.py'>
2026-02-01 01:35:44,731 - [PHONE] - INFO - Using writeable comtypes cache directory: 'C:\Users\Rushabh Makim\AppData\Local\Programs\Python\Python312\Lib\site-packages\comtypes\gen'
2026-02-01 01:35:45,108 - [PHONE] - INFO - Listening for command (Answer/Reject)...
2026-02-01 01:35:47,828 - [PHONE] - INFO - Engaging Secretary Mode...
2026-02-01 01:35:47,829 - [PHONE] - INFO - Answering call...
2026-02-01 01:35:48,891 - [PHONE] - INFO - Speaking: Hello, I am REX. The user is currently unavailable. Please say your message after the beep.
2026-02-01 01:35:56,470 - [PHONE] - INFO - Listening for message...
2026-02-01 01:36:05,515 - [PHONE] - ERROR - Transcription failed: 
